<html>
<head>
<title>TestNG:  Test</title>
<link href="../testng.css" rel="stylesheet" type="text/css" />
<link href="../my-testng.css" rel="stylesheet" type="text/css" />

<style type="text/css">
.log { display: none;} 
.stack-trace { display: none;} 
</style>
<script type="text/javascript">
<!--
function flip(e) {
  current = e.style.display;
  if (current == 'block') {
    e.style.display = 'none';
    return 0;
  }
  else {
    e.style.display = 'block';
    return 1;
  }
}

function toggleBox(szDivId, elem, msg1, msg2)
{
  var res = -1;  if (document.getElementById) {
    res = flip(document.getElementById(szDivId));
  }
  else if (document.all) {
    // this is the way old msie versions work
    res = flip(document.all[szDivId]);
  }
  if(elem) {
    if(res == 0) elem.innerHTML = msg1; else elem.innerHTML = msg2;
  }

}

function toggleAllBoxes() {
  if (document.getElementsByTagName) {
    d = document.getElementsByTagName('div');
    for (i = 0; i < d.length; i++) {
      if (d[i].className == 'log') {
        flip(d[i]);
      }
    }
  }
}

// -->
</script>

</head>
<body>
<h2 align='center'>Test</h2><table border='1' align="center">
<tr>
<td>Tests passed/Failed/Skipped:</td><td>13/4/0</td>
</tr><tr>
<td>Started on:</td><td>Wed Aug 13 23:55:11 IST 2025</td>
</tr>
<tr><td>Total time:</td><td>20 seconds (20231 ms)</td>
</tr><tr>
<td>Included groups:</td><td></td>
</tr><tr>
<td>Excluded groups:</td><td></td>
</tr>
</table><p/>
<small><i>(Hover the method name to see the test class name)</i></small><p/>
<table width='100%' border='1' class='invocation-failed'>
<tr><td colspan='4' align='center'><b>FAILED TESTS</b></td></tr>
<tr><td><b>Test method</b></td>
<td><b>Attribute(s)</b></td>
<td width="30%"><b>Exception</b></td>
<td width="10%"><b>Time (seconds)</b></td>
<td><b>Instance</b></td>
</tr>
<tr>
<td title='passenger.DeletePassengerById.testDeletePassengerById()'><b>testDeletePassengerById</b><br>Test class: passenger.DeletePassengerById<br>Parameters: 4</td>
<td><div><pre>java.lang.AssertionError: The following asserts failed:
	Unexpected success for non-existent passenger
	at passenger.DeletePassengerById.testDeletePassengerById(DeletePassengerById.java:83)
	at java.base/java.util.ArrayList.forEach(ArrayList.java:1596)
... Removed 27 stack frames</pre></div><a href='#' onClick='toggleBox("stack-trace429393578", this, "Click to show all stack frames", "Click to hide stack frames")'>Click to show all stack frames</a>
<div class='stack-trace' id='stack-trace429393578'><pre>java.lang.AssertionError: The following asserts failed:
	Unexpected success for non-existent passenger
	at org.testng.asserts.SoftAssert.assertAll(SoftAssert.java:46)
	at org.testng.asserts.SoftAssert.assertAll(SoftAssert.java:30)
	at passenger.DeletePassengerById.testDeletePassengerById(DeletePassengerById.java:83)
	at java.base/jdk.internal.reflect.DirectMethodHandleAccessor.invoke(DirectMethodHandleAccessor.java:103)
	at java.base/java.lang.reflect.Method.invoke(Method.java:580)
	at org.testng.internal.invokers.MethodInvocationHelper.invokeMethod(MethodInvocationHelper.java:141)
	at org.testng.internal.invokers.TestInvoker.invokeMethod(TestInvoker.java:687)
	at org.testng.internal.invokers.TestInvoker.invokeTestMethod(TestInvoker.java:230)
	at org.testng.internal.invokers.MethodRunner.runInSequence(MethodRunner.java:63)
	at org.testng.internal.invokers.TestInvoker$MethodInvocationAgent.invoke(TestInvoker.java:995)
	at org.testng.internal.invokers.TestInvoker.invokeTestMethods(TestInvoker.java:203)
	at org.testng.internal.invokers.TestMethodWorker.invokeTestMethods(TestMethodWorker.java:154)
	at org.testng.internal.invokers.TestMethodWorker.run(TestMethodWorker.java:134)
	at java.base/java.util.ArrayList.forEach(ArrayList.java:1596)
	at org.testng.TestRunner.privateRun(TestRunner.java:741)
	at org.testng.TestRunner.run(TestRunner.java:616)
	at org.testng.SuiteRunner.runTest(SuiteRunner.java:421)
	at org.testng.SuiteRunner.runSequentially(SuiteRunner.java:413)
	at org.testng.SuiteRunner.privateRun(SuiteRunner.java:373)
	at org.testng.SuiteRunner.run(SuiteRunner.java:312)
	at org.testng.SuiteRunnerWorker.runSuite(SuiteRunnerWorker.java:52)
	at org.testng.SuiteRunnerWorker.run(SuiteRunnerWorker.java:95)
	at org.testng.TestNG.runSuitesSequentially(TestNG.java:1274)
	at org.testng.TestNG.runSuitesLocally(TestNG.java:1208)
	at org.testng.TestNG.runSuites(TestNG.java:1112)
	at org.testng.TestNG.run(TestNG.java:1079)
	at org.testng.remote.AbstractRemoteTestNG.run(AbstractRemoteTestNG.java:115)
	at org.testng.remote.RemoteTestNG.initAndRun(RemoteTestNG.java:293)
	at org.testng.remote.RemoteTestNG.main(RemoteTestNG.java:91)
</pre></div></td>
<td>0</td>
<td>passenger.DeletePassengerById@77888435</td></tr>
<tr>
<td title='passenger.AddPassengerTest.testAddPassenger()'><b>testAddPassenger</b><br>Test class: passenger.AddPassengerTest<br>Parameters: 5, , , Female, 1239876765Y, Chennai</td>
<td><div><pre>java.lang.AssertionError: The following asserts failed:
	Expected 400 Bad Request for empty fields expected [400] but found [200],
	Invalid passenger should not be added to list expected [0] but found [1]
	at passenger.AddPassengerTest.testAddPassenger(AddPassengerTest.java:70)
	at java.base/java.util.ArrayList.forEach(ArrayList.java:1596)
... Removed 27 stack frames</pre></div><a href='#' onClick='toggleBox("stack-trace1904839162", this, "Click to show all stack frames", "Click to hide stack frames")'>Click to show all stack frames</a>
<div class='stack-trace' id='stack-trace1904839162'><pre>java.lang.AssertionError: The following asserts failed:
	Expected 400 Bad Request for empty fields expected [400] but found [200],
	Invalid passenger should not be added to list expected [0] but found [1]
	at org.testng.asserts.SoftAssert.assertAll(SoftAssert.java:46)
	at org.testng.asserts.SoftAssert.assertAll(SoftAssert.java:30)
	at passenger.AddPassengerTest.testAddPassenger(AddPassengerTest.java:70)
	at java.base/jdk.internal.reflect.DirectMethodHandleAccessor.invoke(DirectMethodHandleAccessor.java:103)
	at java.base/java.lang.reflect.Method.invoke(Method.java:580)
	at org.testng.internal.invokers.MethodInvocationHelper.invokeMethod(MethodInvocationHelper.java:141)
	at org.testng.internal.invokers.TestInvoker.invokeMethod(TestInvoker.java:687)
	at org.testng.internal.invokers.TestInvoker.invokeTestMethod(TestInvoker.java:230)
	at org.testng.internal.invokers.MethodRunner.runInSequence(MethodRunner.java:63)
	at org.testng.internal.invokers.TestInvoker$MethodInvocationAgent.invoke(TestInvoker.java:995)
	at org.testng.internal.invokers.TestInvoker.invokeTestMethods(TestInvoker.java:203)
	at org.testng.internal.invokers.TestMethodWorker.invokeTestMethods(TestMethodWorker.java:154)
	at org.testng.internal.invokers.TestMethodWorker.run(TestMethodWorker.java:134)
	at java.base/java.util.ArrayList.forEach(ArrayList.java:1596)
	at org.testng.TestRunner.privateRun(TestRunner.java:741)
	at org.testng.TestRunner.run(TestRunner.java:616)
	at org.testng.SuiteRunner.runTest(SuiteRunner.java:421)
	at org.testng.SuiteRunner.runSequentially(SuiteRunner.java:413)
	at org.testng.SuiteRunner.privateRun(SuiteRunner.java:373)
	at org.testng.SuiteRunner.run(SuiteRunner.java:312)
	at org.testng.SuiteRunnerWorker.runSuite(SuiteRunnerWorker.java:52)
	at org.testng.SuiteRunnerWorker.run(SuiteRunnerWorker.java:95)
	at org.testng.TestNG.runSuitesSequentially(TestNG.java:1274)
	at org.testng.TestNG.runSuitesLocally(TestNG.java:1208)
	at org.testng.TestNG.runSuites(TestNG.java:1112)
	at org.testng.TestNG.run(TestNG.java:1079)
	at org.testng.remote.AbstractRemoteTestNG.run(AbstractRemoteTestNG.java:115)
	at org.testng.remote.RemoteTestNG.initAndRun(RemoteTestNG.java:293)
	at org.testng.remote.RemoteTestNG.main(RemoteTestNG.java:91)
</pre></div></td>
<td>0</td>
<td>passenger.AddPassengerTest@1aafa419</td></tr>
<tr>
<td title='passenger.DeletePassengerById.testDeletePassengerById()'><b>testDeletePassengerById</b><br>Test class: passenger.DeletePassengerById<br>Parameters: 5</td>
<td><div><pre>java.lang.AssertionError: The following asserts failed:
	Unexpected success for non-existent passenger
	at passenger.DeletePassengerById.testDeletePassengerById(DeletePassengerById.java:83)
	at java.base/java.util.ArrayList.forEach(ArrayList.java:1596)
... Removed 27 stack frames</pre></div><a href='#' onClick='toggleBox("stack-trace696664702", this, "Click to show all stack frames", "Click to hide stack frames")'>Click to show all stack frames</a>
<div class='stack-trace' id='stack-trace696664702'><pre>java.lang.AssertionError: The following asserts failed:
	Unexpected success for non-existent passenger
	at org.testng.asserts.SoftAssert.assertAll(SoftAssert.java:46)
	at org.testng.asserts.SoftAssert.assertAll(SoftAssert.java:30)
	at passenger.DeletePassengerById.testDeletePassengerById(DeletePassengerById.java:83)
	at java.base/jdk.internal.reflect.DirectMethodHandleAccessor.invoke(DirectMethodHandleAccessor.java:103)
	at java.base/java.lang.reflect.Method.invoke(Method.java:580)
	at org.testng.internal.invokers.MethodInvocationHelper.invokeMethod(MethodInvocationHelper.java:141)
	at org.testng.internal.invokers.TestInvoker.invokeMethod(TestInvoker.java:687)
	at org.testng.internal.invokers.TestInvoker.invokeTestMethod(TestInvoker.java:230)
	at org.testng.internal.invokers.MethodRunner.runInSequence(MethodRunner.java:63)
	at org.testng.internal.invokers.TestInvoker$MethodInvocationAgent.invoke(TestInvoker.java:995)
	at org.testng.internal.invokers.TestInvoker.invokeTestMethods(TestInvoker.java:203)
	at org.testng.internal.invokers.TestMethodWorker.invokeTestMethods(TestMethodWorker.java:154)
	at org.testng.internal.invokers.TestMethodWorker.run(TestMethodWorker.java:134)
	at java.base/java.util.ArrayList.forEach(ArrayList.java:1596)
	at org.testng.TestRunner.privateRun(TestRunner.java:741)
	at org.testng.TestRunner.run(TestRunner.java:616)
	at org.testng.SuiteRunner.runTest(SuiteRunner.java:421)
	at org.testng.SuiteRunner.runSequentially(SuiteRunner.java:413)
	at org.testng.SuiteRunner.privateRun(SuiteRunner.java:373)
	at org.testng.SuiteRunner.run(SuiteRunner.java:312)
	at org.testng.SuiteRunnerWorker.runSuite(SuiteRunnerWorker.java:52)
	at org.testng.SuiteRunnerWorker.run(SuiteRunnerWorker.java:95)
	at org.testng.TestNG.runSuitesSequentially(TestNG.java:1274)
	at org.testng.TestNG.runSuitesLocally(TestNG.java:1208)
	at org.testng.TestNG.runSuites(TestNG.java:1112)
	at org.testng.TestNG.run(TestNG.java:1079)
	at org.testng.remote.AbstractRemoteTestNG.run(AbstractRemoteTestNG.java:115)
	at org.testng.remote.RemoteTestNG.initAndRun(RemoteTestNG.java:293)
	at org.testng.remote.RemoteTestNG.main(RemoteTestNG.java:91)
</pre></div></td>
<td>0</td>
<td>passenger.DeletePassengerById@77888435</td></tr>
<tr>
<td title='passenger.AddPassengerTest.testAddPassenger()'><b>testAddPassenger</b><br>Test class: passenger.AddPassengerTest<br>Parameters: 1, Matilda, 9898765654, Female, 1239876765Y, Chennai</td>
<td><div><pre>java.lang.AssertionError: The following asserts failed:
	Expected 409 Conflict for duplicate ID expected [409] but found [200],
	List changed unexpectedly on duplicate ID expected [1] but found [2]
	at passenger.AddPassengerTest.testAddPassenger(AddPassengerTest.java:85)
	at java.base/java.util.ArrayList.forEach(ArrayList.java:1596)
... Removed 27 stack frames</pre></div><a href='#' onClick='toggleBox("stack-trace1999784536", this, "Click to show all stack frames", "Click to hide stack frames")'>Click to show all stack frames</a>
<div class='stack-trace' id='stack-trace1999784536'><pre>java.lang.AssertionError: The following asserts failed:
	Expected 409 Conflict for duplicate ID expected [409] but found [200],
	List changed unexpectedly on duplicate ID expected [1] but found [2]
	at org.testng.asserts.SoftAssert.assertAll(SoftAssert.java:46)
	at org.testng.asserts.SoftAssert.assertAll(SoftAssert.java:30)
	at passenger.AddPassengerTest.testAddPassenger(AddPassengerTest.java:85)
	at java.base/jdk.internal.reflect.DirectMethodHandleAccessor.invoke(DirectMethodHandleAccessor.java:103)
	at java.base/java.lang.reflect.Method.invoke(Method.java:580)
	at org.testng.internal.invokers.MethodInvocationHelper.invokeMethod(MethodInvocationHelper.java:141)
	at org.testng.internal.invokers.TestInvoker.invokeMethod(TestInvoker.java:687)
	at org.testng.internal.invokers.TestInvoker.invokeTestMethod(TestInvoker.java:230)
	at org.testng.internal.invokers.MethodRunner.runInSequence(MethodRunner.java:63)
	at org.testng.internal.invokers.TestInvoker$MethodInvocationAgent.invoke(TestInvoker.java:995)
	at org.testng.internal.invokers.TestInvoker.invokeTestMethods(TestInvoker.java:203)
	at org.testng.internal.invokers.TestMethodWorker.invokeTestMethods(TestMethodWorker.java:154)
	at org.testng.internal.invokers.TestMethodWorker.run(TestMethodWorker.java:134)
	at java.base/java.util.ArrayList.forEach(ArrayList.java:1596)
	at org.testng.TestRunner.privateRun(TestRunner.java:741)
	at org.testng.TestRunner.run(TestRunner.java:616)
	at org.testng.SuiteRunner.runTest(SuiteRunner.java:421)
	at org.testng.SuiteRunner.runSequentially(SuiteRunner.java:413)
	at org.testng.SuiteRunner.privateRun(SuiteRunner.java:373)
	at org.testng.SuiteRunner.run(SuiteRunner.java:312)
	at org.testng.SuiteRunnerWorker.runSuite(SuiteRunnerWorker.java:52)
	at org.testng.SuiteRunnerWorker.run(SuiteRunnerWorker.java:95)
	at org.testng.TestNG.runSuitesSequentially(TestNG.java:1274)
	at org.testng.TestNG.runSuitesLocally(TestNG.java:1208)
	at org.testng.TestNG.runSuites(TestNG.java:1112)
	at org.testng.TestNG.run(TestNG.java:1079)
	at org.testng.remote.AbstractRemoteTestNG.run(AbstractRemoteTestNG.java:115)
	at org.testng.remote.RemoteTestNG.initAndRun(RemoteTestNG.java:293)
	at org.testng.remote.RemoteTestNG.main(RemoteTestNG.java:91)
</pre></div></td>
<td>0</td>
<td>passenger.AddPassengerTest@1aafa419</td></tr>
</table><p>
<table width='100%' border='1' class='invocation-passed'>
<tr><td colspan='4' align='center'><b>PASSED TESTS</b></td></tr>
<tr><td><b>Test method</b></td>
<td><b>Attribute(s)</b></td>
<td width="30%"><b>Exception</b></td>
<td width="10%"><b>Time (seconds)</b></td>
<td><b>Instance</b></td>
</tr>
<tr>
<td title='passenger.ViewPassengerByIdTest.testViewPassengerById()'><b>testViewPassengerById</b><br>Test class: passenger.ViewPassengerByIdTest<br>Parameters: 1</td>
<td></td>
<td>1</td>
<td>passenger.ViewPassengerByIdTest@4218d6a3</td></tr>
<tr>
<td title='passenger.ViewPassengerByIdTest.testViewPassengerById()'><b>testViewPassengerById</b><br>Test class: passenger.ViewPassengerByIdTest<br>Parameters: 4</td>
<td></td>
<td>0</td>
<td>passenger.ViewPassengerByIdTest@4218d6a3</td></tr>
<tr>
<td title='passenger.DeletePassengerById.testDeletePassengerById()'><b>testDeletePassengerById</b><br>Test class: passenger.DeletePassengerById<br>Parameters: 1</td>
<td></td>
<td>1</td>
<td>passenger.DeletePassengerById@77888435</td></tr>
<tr>
<td title='passenger.DeletePassengerById.testDeletePassengerById()'><b>testDeletePassengerById</b><br>Test class: passenger.DeletePassengerById<br>Parameters: 2</td>
<td></td>
<td>0</td>
<td>passenger.DeletePassengerById@77888435</td></tr>
<tr>
<td title='passenger.ViewPassengerByNameAndMobile.testViewPassengerByNameMobile()'><b>testViewPassengerByNameMobile</b><br>Test class: passenger.ViewPassengerByNameAndMobile<br>Parameters: Rakesh, 9876543210</td>
<td></td>
<td>0</td>
<td>passenger.ViewPassengerByNameAndMobile@5656be13</td></tr>
<tr>
<td title='passenger.ViewPassengerByIdTest.testViewPassengerById()'><b>testViewPassengerById</b><br>Test class: passenger.ViewPassengerByIdTest<br>Parameters: 5</td>
<td></td>
<td>0</td>
<td>passenger.ViewPassengerByIdTest@4218d6a3</td></tr>
<tr>
<td title='passenger.ViewPassengerByNameAndMobile.testViewPassengerByNameMobile()'><b>testViewPassengerByNameMobile</b><br>Test class: passenger.ViewPassengerByNameAndMobile<br>Parameters: Rahul, 1234567890</td>
<td></td>
<td>0</td>
<td>passenger.ViewPassengerByNameAndMobile@5656be13</td></tr>
<tr>
<td title='passenger.ViewPassengerByIdTest.testViewPassengerById()'><b>testViewPassengerById</b><br>Test class: passenger.ViewPassengerByIdTest<br>Parameters: 2</td>
<td></td>
<td>0</td>
<td>passenger.ViewPassengerByIdTest@4218d6a3</td></tr>
<tr>
<td title='auth.AuthTest.testAuthCode()'><b>testAuthCode</b><br>Test class: auth.AuthTest</td>
<td></td>
<td>0</td>
<td>auth.AuthTest@73a1e9a9</td></tr>
<tr>
<td title='passenger.ViewPassengerByNameAndMobile.testViewPassengerByNameMobile()'><b>testViewPassengerByNameMobile</b><br>Test class: passenger.ViewPassengerByNameAndMobile<br>Parameters: Rakesh, 1234567890</td>
<td></td>
<td>0</td>
<td>passenger.ViewPassengerByNameAndMobile@5656be13</td></tr>
<tr>
<td title='passenger.ViewPassengerByNameAndMobile.testViewPassengerByNameMobile()'><b>testViewPassengerByNameMobile</b><br>Test class: passenger.ViewPassengerByNameAndMobile<br>Parameters: Priya, 1245678231</td>
<td></td>
<td>0</td>
<td>passenger.ViewPassengerByNameAndMobile@5656be13</td></tr>
<tr>
<td title='passenger.ViewPassengerList.testViewPassengerList()'><b>testViewPassengerList</b><br>Test class: passenger.ViewPassengerList</td>
<td></td>
<td>1</td>
<td>passenger.ViewPassengerList@14cd1699</td></tr>
<tr>
<td title='passenger.AddPassengerTest.testAddPassenger()'><b>testAddPassenger</b><br>Test class: passenger.AddPassengerTest<br>Parameters: 9, Matilda, 9898765654, Female, 1239876765Y, Chennai</td>
<td></td>
<td>0</td>
<td>passenger.AddPassengerTest@1aafa419</td></tr>
</table><p>
</body>
</html>